[2026-02-23T23:28:15.536Z] START run-01:next: /Users/ryan/ai-env/projects/chirality-app-dev/frontend/node_modules/.bin/next dev --port 3000 --hostname 127.0.0.1
  ▲ Next.js 14.2.35
  - Local:        http://127.0.0.1:3000
  - Network:      http://127.0.0.1:3000

 ✓ Starting...
 ✓ Ready in 755ms
 ✓ Compiled / in 229ms (508 modules)
 GET / 200 in 302ms
 GET / 200 in 11ms
 ✓ Compiled /api/harness/session/create in 78ms (350 modules)
 POST /api/harness/session/create 200 in 122ms
 GET / 200 in 33ms
 ✓ Compiled /api/harness/session/boot in 44ms (353 modules)
 POST /api/harness/session/boot 200 in 102ms
 ✓ Compiled /api/harness/turn in 19ms (355 modules)
 POST /api/harness/turn 200 in 103ms
 ✓ Compiled /api/working-root/validate in 76ms (288 modules)
 POST /api/working-root/validate 200 in 88ms
 ✓ Compiled /api/working-root/tree in 37ms (290 modules)
 GET /api/working-root/tree?projectRoot=%2FUsers%2Fryan%2FDocuments%2FChirality&depth=3 200 in 58ms
 ✓ Compiled /workbench in 223ms (517 modules)
 ✓ Compiled /pipeline in 155ms (524 modules)
[?25h
[2026-02-23T23:38:22.023Z] EXIT run-01:next: code=0 signal=null
